<?xml version="1.0" encoding="UTF-8"?>
<!-- Generated by org.testng.reporters.JUnitXMLReporter -->
<testsuite hostname="DESKTOP-830CFB9" ignored="0" name="Default test" tests="3" failures="0" timestamp="2022-09-23T21:43:42 CEST" time="18.86" errors="0">
  <testcase name="topMenuMouseOver" time="0.818" classname="tests.HeadPageTests"/>
  <testcase name="phoneNumberVisibilityCheckOnResize" time="0.698" classname="tests.HeadPageTests"/>
  <testcase name="headerLinksCheck" time="3.408" classname="tests.HeadPageTests"/>
</testsuite> <!-- Default test -->
