<?xml version="1.0" encoding="UTF-8"?>
<!-- Generated by org.testng.reporters.JUnitXMLReporter -->
<testsuite hostname="DESKTOP-830CFB9" ignored="0" name="Default test" tests="3" failures="0" timestamp="2022-09-21T02:33:16 CEST" time="38.913" errors="0">
  <testcase name="editRow" time="3.252" classname="d19_09_2022.BootstrapTableTests"/>
  <testcase name="deleteRow" time="12.367" classname="d19_09_2022.BootstrapTableTests"/>
  <testcase name="takeAScreenshot" time="1.007" classname="d19_09_2022.BootstrapTableTests"/>
</testsuite> <!-- Default test -->
