<?xml version="1.0" encoding="UTF-8"?>
<testng-results skipped="0" failed="0" ignored="0" total="3" passed="3">
  <reporter-output>
  </reporter-output>
  <suite name="Default suite" duration-ms="18860" started-at="2022-09-23T21:43:24 CEST" finished-at="2022-09-23T21:43:42 CEST">
    <groups>
    </groups>
    <test name="Default test" duration-ms="18860" started-at="2022-09-23T21:43:24 CEST" finished-at="2022-09-23T21:43:42 CEST">
      <class name="tests.HeadPageTests">
        <test-method status="PASS" signature="setup()[pri:0, instance:tests.HeadPageTests@28ac3dc3]" name="setup" is-config="true" duration-ms="3276" started-at="2022-09-23T21:43:24 CEST" finished-at="2022-09-23T21:43:27 CEST">
          <reporter-output>
          </reporter-output>
        </test-method> <!-- setup -->
        <test-method status="PASS" signature="beforeMethod()[pri:0, instance:tests.HeadPageTests@28ac3dc3]" name="beforeMethod" is-config="true" duration-ms="3929" started-at="2022-09-23T21:43:27 CEST" finished-at="2022-09-23T21:43:31 CEST">
          <reporter-output>
          </reporter-output>
        </test-method> <!-- beforeMethod -->
        <test-method status="PASS" signature="topMenuMouseOver()[pri:10, instance:tests.HeadPageTests@28ac3dc3]" name="topMenuMouseOver" duration-ms="818" started-at="2022-09-23T21:43:31 CEST" finished-at="2022-09-23T21:43:32 CEST">
          <reporter-output>
          </reporter-output>
        </test-method> <!-- topMenuMouseOver -->
        <test-method status="PASS" signature="afterMethod()[pri:0, instance:tests.HeadPageTests@28ac3dc3]" name="afterMethod" is-config="true" duration-ms="1" started-at="2022-09-23T21:43:32 CEST" finished-at="2022-09-23T21:43:32 CEST">
          <reporter-output>
          </reporter-output>
        </test-method> <!-- afterMethod -->
        <test-method status="PASS" signature="beforeMethod()[pri:0, instance:tests.HeadPageTests@28ac3dc3]" name="beforeMethod" is-config="true" duration-ms="3017" started-at="2022-09-23T21:43:32 CEST" finished-at="2022-09-23T21:43:35 CEST">
          <reporter-output>
          </reporter-output>
        </test-method> <!-- beforeMethod -->
        <test-method status="PASS" signature="phoneNumberVisibilityCheckOnResize()[pri:20, instance:tests.HeadPageTests@28ac3dc3]" name="phoneNumberVisibilityCheckOnResize" duration-ms="698" started-at="2022-09-23T21:43:35 CEST" finished-at="2022-09-23T21:43:35 CEST">
          <reporter-output>
          </reporter-output>
        </test-method> <!-- phoneNumberVisibilityCheckOnResize -->
        <test-method status="PASS" signature="afterMethod()[pri:0, instance:tests.HeadPageTests@28ac3dc3]" name="afterMethod" is-config="true" duration-ms="1" started-at="2022-09-23T21:43:35 CEST" finished-at="2022-09-23T21:43:35 CEST">
          <reporter-output>
          </reporter-output>
        </test-method> <!-- afterMethod -->
        <test-method status="PASS" signature="beforeMethod()[pri:0, instance:tests.HeadPageTests@28ac3dc3]" name="beforeMethod" is-config="true" duration-ms="2891" started-at="2022-09-23T21:43:35 CEST" finished-at="2022-09-23T21:43:38 CEST">
          <reporter-output>
          </reporter-output>
        </test-method> <!-- beforeMethod -->
        <test-method status="PASS" signature="headerLinksCheck()[pri:30, instance:tests.HeadPageTests@28ac3dc3]" name="headerLinksCheck" duration-ms="3408" started-at="2022-09-23T21:43:38 CEST" finished-at="2022-09-23T21:43:42 CEST">
          <reporter-output>
          </reporter-output>
        </test-method> <!-- headerLinksCheck -->
        <test-method status="PASS" signature="afterMethod()[pri:0, instance:tests.HeadPageTests@28ac3dc3]" name="afterMethod" is-config="true" duration-ms="1" started-at="2022-09-23T21:43:42 CEST" finished-at="2022-09-23T21:43:42 CEST">
          <reporter-output>
          </reporter-output>
        </test-method> <!-- afterMethod -->
        <test-method status="PASS" signature="afterClass()[pri:0, instance:tests.HeadPageTests@28ac3dc3]" name="afterClass" is-config="true" duration-ms="777" started-at="2022-09-23T21:43:42 CEST" finished-at="2022-09-23T21:43:42 CEST">
          <reporter-output>
          </reporter-output>
        </test-method> <!-- afterClass -->
      </class> <!-- tests.HeadPageTests -->
    </test> <!-- Default test -->
  </suite> <!-- Default suite -->
</testng-results>
